>>> ledzeppelin <<<
{"name":"Led Zeppelin Official","id":"131572223581891"}

Likes and comments of ledzeppelin:
{
    "feed": {
        "data": [
            {
                "created_time": "2015-11-03T22:45:13+0000",
                "from": {
                    "id": "1218280091522825",
                    "name": "David Darkmode Dodds"
                },
                "id": "131572223581891_986550214750750",
                "updated_time": "2015-11-03T22:45:13+0000"
            },
            {
                "caption": "wbab.com",
                "created_time": "2015-11-03T21:30:13+0000",
                "from": {
                    "id": "28566817365",
                    "name": "102.3 WBAB"
                },
                "id": "28566817365_10154369551512366",
                "likes": {
                    "data": [
                        {
                            "id": "1661507837397279",
                            "link": "https://www.facebook.com/app_scoped_user_id/1661507837397279/",
                            "name": "Anthony P Smitty",
                            "pic": "https://scontent.xx.fbcdn.net/hprofile-xfa1/v/t1.0-1/p100x100/11914557_1642268645987865_923415557685540775_n.jpg?oh=cb3bec631eba4b9915a6487644b9a644&oe=56BFA7D2"
                        },
                        {
                            "id": "969904953070728",
                            "link": "https://www.facebook.com/app_scoped_user_id/969904953070728/",
                            "name": "Stephanie Geter-Pansy",
                            "pic": "https://scontent.xx.fbcdn.net/hprofile-xaf1/v/t1.0-1/s100x100/397081_274846532576577_569843305_n.jpg?oh=2f81116a3e61c6c6aa2432e6d3ed17b9&oe=56AC9C30"
                        },
                        {
                            "id": "1660305540892790",
                            "link": "https://www.facebook.com/app_scoped_user_id/1660305540892790/",
                            "name": "Tim Waugh",
                            "pic": "https://scontent.xx.fbcdn.net/hprofile-xft1/v/t1.0-1/p100x100/11064824_1650424671880877_424379643754098567_n.jpg?oh=48a6ab3ba1fee79164684c864aa4d694&oe=56C35661"
                        },
                        {
                            "id": "535475336603498",
                            "link": "https://www.facebook.com/app_scoped_user_id/535475336603498/",
                            "name": "Tony Frade",
                            "pic": "https://fbcdn-profile-a.akamaihd.net/hprofile-ak-xfa1/v/t1.0-1/s100x100/10374066_349005795250454_3029839794019304963_n.jpg?oh=534ae3f3f739129080dfa78abae6d880&oe=56C98F60&__gda__=1455416809_4239b4e23c9ba5dfe058560728c8b160"
                        }
                    ],
                    "paging": {"cursors": {
                        "after": "NTM1NDc1MzM2NjAzNDk4",
                        "before": "MTY2MTUwNzgzNzM5NzI3OQ=="
                    }}
                },
                "shares": {"count": 2},
                "updated_time": "2015-11-03T21:30:13+0000"
            },
            {
                "caption": "youtube.com",
                "comments": {
                    "data": [
                        {
                            "comment_count": 0,
                            "created_time": "2015-11-03T19:39:16+0000",
                            "from": {
                                "id": "1415753765403645",
                                "name": "Swag Teens"
                            },
                            "id": "10154320830357589_10154320831132589",
                            "is_hidden": false,
                            "is_private": false,
                            "like_count": 0
                        },
                        {
                            "comment_count": 0,
                            "created_time": "2015-11-03T19:46:43+0000",
                            "from": {
                                "id": "1003762243019532",
                                "name": "Maria Hunter Mozdrzewska"
                            },
                            "id": "10154320830357589_10154320844102589",
                            "is_hidden": false,
                            "is_private": false,
                            "like_count": 2,
                            "likes": {
                                "data": [
                                    {
                                        "id": "10154184806142119",
                                        "name": "Jennifer Pisani Burch"
                                    },
                                    {
                                        "id": "1089247897786878",
                                        "name": "Adam McGraw"
                                    }
                                ],
                                "paging": {"cursors": {
                                    "after": "MTA4OTI0Nzg5Nzc4Njg3OAZDZD",
                                    "before": "MTAxNTQxODQ4MDYxNDIxMTkZD"
                                }}
                            }
                        },
                        {
                            "comment_count": 0,
                            "created_time": "2015-11-03T19:56:10+0000",
                            "from": {
                                "id": "1508380572821841",
                                "name": "Kim Hogue"
                            },
                            "id": "10154320830357589_10154320855707589",
                            "is_hidden": false,
                            "is_private": false,
                            "like_count": 0
                        },
                        {
                            "comment_count": 2,
                            "created_time": "2015-11-03T19:57:09+0000",
                            "from": {
                                "id": "1521878788123067",
                                "name": "Tyler Quantrill"
                            },
                            "id": "10154320830357589_10154320856937589",
                            "is_hidden": false,
                            "is_private": false,
                            "like_count": 2,
                            "likes": {
                                "data": [
                                    {
                                        "id": "1057179584302004",
                                        "name": "Robert Barker"
                                    },
                                    {
                                        "id": "10207704639795208",
                                        "name": "Aaron Evenson"
                                    }
                                ],
                                "paging": {"cursors": {
                                    "after": "MTAyMDc3MDQ2Mzk3OTUyMDgZD",
                                    "before": "MTA1NzE3OTU4NDMwMjAwNAZDZD"
                                }}
                            }
                        },
                        {
                            "comment_count": 0,
                            "created_time": "2015-11-03T19:58:15+0000",
                            "from": {
                                "id": "1059019130795451",
                                "name": "Tina Casper"
                            },
                            "id": "10154320830357589_10154320858197589",
                            "is_hidden": false,
                            "is_private": false,
                            "like_count": 0
                        },
                        {
                            "comment_count": 0,
                            "created_time": "2015-11-03T20:01:58+0000",
                            "from": {
                                "id": "1514243682230034",
                                "name": "Denise Parrett"
                            },
                            "id": "10154320830357589_10154320862802589",
                            "is_hidden": false,
                            "is_private": false,
                            "like_count": 1,
                            "likes": {
                                "data": [{
                                    "id": "10207824901130053",
                                    "name": "Erik Mullen"
                                }],
                                "paging": {"cursors": {
                                    "after": "MTAyMDc4MjQ5MDExMzAwNTMZD",
                                    "before": "MTAyMDc4MjQ5MDExMzAwNTMZD"
                                }}
                            }
                        },
                        {
                            "comment_count": 0,
                            "created_time": "2015-11-03T20:05:43+0000",
                            "from": {
                                "id": "10156154074085265",
                                "name": "Gina Armstrong"
                            },
                            "id": "10154320830357589_10154320868597589",
                            "is_hidden": false,
                            "is_private": false,
                            "like_count": 0
                        },
                        {
                            "comment_count": 0,
                            "created_time": "2015-11-03T20:09:14+0000",
                            "from": {
                                "id": "1014728675233334",
                                "name": "Mikey Velez"
                            },
                            "id": "10154320830357589_10154320873472589",
                            "is_hidden": false,
                            "is_private": false,
                            "like_count": 0
                        },
                        {
                            "comment_count": 0,
                            "created_time": "2015-11-03T20:11:22+0000",
                            "from": {
                                "id": "877645212331000",
                                "name": "Lori ColwellNaussner"
                            },
                            "id": "10154320830357589_10154320875597589",
                            "is_hidden": false,
                            "is_private": false,
                            "like_count": 1,
                            "likes": {
                                "data": [{
                                    "id": "929288273816211",
                                    "name": "Sheila Mattila Jerry"
                                }],
                                "paging": {"cursors": {
                                    "after": "OTI5Mjg4MjczODE2MjEx",
                                    "before": "OTI5Mjg4MjczODE2MjEx"
                                }}
                            }
                        },
                        {
                            "comment_count": 0,
                            "created_time": "2015-11-03T20:14:15+0000",
                            "from": {
                                "id": "674234572680025",
                                "name": "John Griffin"
                            },
                            "id": "10154320830357589_10154320879472589",
                            "is_hidden": false,
                            "is_private": false,
                            "like_count": 0
                        },
                        {
                            "comment_count": 0,
                            "created_time": "2015-11-03T20:24:28+0000",
                            "from": {
                                "id": "10205447793581879",
                                "name": "Sarah Cammack"
                            },
                            "id": "10154320830357589_10154320898612589",
                            "is_hidden": false,
                            "is_private": false,
                            "like_count": 2,
                            "likes": {
                                "data": [
                                    {
                                        "id": "10205254208054398",
                                        "name": "Kelley Ann Miller"
                                    },
                                    {
                                        "id": "10200869509696361",
                                        "name": "Pete Emme"
                                    }
                                ],
                                "paging": {"cursors": {
                                    "after": "MTAyMDA4Njk1MDk2OTYzNjEZD",
                                    "before": "MTAyMDUyNTQyMDgwNTQzOTgZD"
                                }}
                            }
                        },
                        {
                            "comment_count": 0,
                            "created_time": "2015-11-03T20:31:46+0000",
                            "from": {
                                "id": "10208326837313077",
                                "name": "Jay Helmes"
                            },
                            "id": "10154320830357589_10154320908247589",
                            "is_hidden": false,
                            "is_private": false,
                            "like_count": 0
                        },
                        {
                            "comment_count": 0,
                            "created_time": "2015-11-03T20:33:05+0000",
                            "from": {
                                "id": "514939795347896",
                                "name": "Marissa Alvarez"
                            },
                            "id": "10154320830357589_10154320910167589",
                            "is_hidden": false,
                            "is_private": false,
                            "like_count": 1,
                            "likes": {
                                "data": [{
                                    "id": "1514243682230034",
                                    "name": "Denise Parrett"
                                }],
                                "paging": {"cursors": {
                                    "after": "MTUxNDI0MzY4MjIzMDAzNAZDZD",
                                    "before": "MTUxNDI0MzY4MjIzMDAzNAZDZD"
                                }}
                            }
                        },
                        {
                            "comment_count": 0,
                            "created_time": "2015-11-03T20:34:59+0000",
                            "from": {
                                "id": "131359360389566",
                                "name": "Cold Finger"
                            },
                            "id": "10154320830357589_10154320912357589",
                            "is_hidden": false,
                            "is_private": false,
                            "like_count": 0
                        },
                        {
                            "comment_count": 0,
                            "created_time": "2015-11-03T20:44:24+0000",
                            "from": {
                                "id": "10207704639795208",
                                "name": "Aaron Evenson"
                            },
                            "id": "10154320830357589_10154320922017589",
                            "is_hidden": false,
                            "is_private": false,
                            "like_count": 1,
                            "likes": {
                                "data": [{
                                    "id": "10156225031580287",
                                    "name": "Zach Green"
                                }],
                                "paging": {"cursors": {
                                    "after": "MTAxNTYyMjUwMzE1ODAyODcZD",
                                    "before": "MTAxNTYyMjUwMzE1ODAyODcZD"
                                }}
                            }
                        },
                        {
                            "comment_count": 0,
                            "created_time": "2015-11-03T20:48:26+0000",
                            "from": {
                                "id": "732990606845944",
                                "name": "Iveta Z?tkov?"
                            },
                            "id": "10154320830357589_10154320926747589",
                            "is_hidden": false,
                            "is_private": false,
                            "like_count": 0
                        },
                        {
                            "comment_count": 0,
                            "created_time": "2015-11-03T20:55:24+0000",
                            "from": {
                                "id": "207706665951870",
                                "name": "Que Viva la Musica en Ingles"
                            },
                            "id": "10154320830357589_10154320936302589",
                            "is_hidden": false,
                            "is_private": false,
                            "like_count": 0
                        },
                        {
                            "comment_count": 0,
                            "created_time": "2015-11-03T21:04:56+0000",
                            "from": {
                                "id": "1053541521331017",
                                "name": "Lisa Westwell"
                            },
                            "id": "10154320830357589_10154320948807589",
                            "is_hidden": false,
                            "is_private": false,
                            "like_count": 0
                        },
                        {
                            "comment_count": 4,
                            "created_time": "2015-11-03T21:30:30+0000",
                            "from": {
                                "id": "10208200270872566",
                                "name": "Mike Fiorilli"
                            },
                            "id": "10154320830357589_10154321011007589",
                            "is_hidden": false,
                            "is_private": false,
                            "like_count": 0
                        },
                        {
                            "comment_count": 0,
                            "created_time": "2015-11-03T21:52:43+0000",
                            "from": {
                                "id": "744476109018244",
                                "name": "Gabriel Power"
                            },
                            "id": "10154320830357589_10154321050787589",
                            "is_hidden": false,
                            "is_private": false,
                            "like_count": 0
                        },
                        {
                            "comment_count": 0,
                            "created_time": "2015-11-03T23:37:30+0000",
                            "from": {
                                "id": "10153761051474459",
                                "name": "Lisa DeSimone"
                            },
                            "id": "10154320830357589_10154321217992589",
                            "is_hidden": false,
                            "is_private": false,
                            "like_count": 0
                        },
                        {
                            "comment_count": 0,
                            "created_time": "2015-11-04T00:59:26+0000",
                            "from": {
                                "id": "972998076126597",
                                "name": "Joao Lopes"
                            },
                            "id": "10154320830357589_10154321321122589",
                            "is_hidden": false,
                            "is_private": false,
                            "like_count": 0
                        },
                        {
                            "comment_count": 0,
                            "created_time": "2015-11-04T01:00:52+0000",
                            "from": {
                                "id": "1067645403255160",
                                "name": "Rachel Colvin"
                            },
                            "id": "10154320830357589_10154321324257589",
                            "is_hidden": false,
                            "is_private": false,
                            "like_count": 0
                        },
                        {
                            "comment_count": 0,
                            "created_time": "2015-11-04T01:33:41+0000",
                            "from": {
                                "id": "10207866856327128",
                                "name": "Tracey Culbert-Shaw"
                            },
                            "id": "10154320830357589_10154321364217589",
                            "is_hidden": false,
                            "is_private": false,
                            "like_count": 0
                        },
                        {
                            "comment_count": 0,
                            "created_time": "2015-11-04T01:57:30+0000",
                            "from": {
                                "id": "10208213342955156",
                                "name": "Fearer Ann"
                            },
                            "id": "10154320830357589_10154321397652589",
                            "is_hidden": false,
                            "is_private": false,
                            "like_count": 0
                        }
                    ],
                    "paging": {
                        "cursors": {
                            "after": "WTI5dGJXVnVkRjlqZFhKemIzSTZNVEF4TlRRek1qRXpPVGMyTlRJMU9EazZNVFEwTmpZd01qSTFNQT09",
                            "before": "WTI5dGJXVnVkRjlqZFhKemIzSTZNVEF4TlRRek1qQTRNekV4TXpJMU9EazZNVFEwTmpVM09UVTFOZz09"
                        },
                        "next": "https://graph.facebook.com/v2.5/20415872588_10154320830357589/comments?order=chronological&fields=from,created_time,parent,likes%7Bid,name%7D,is_private,comment_count,like_count,is_hidden&access_token=1648603168713893|SH8XaQX2csNKg69heA75-jgz6DY&limit=25&after=WTI5dGJXVnVkRjlqZFhKemIzSTZNVEF4TlRRek1qRXpPVGMyTlRJMU9EazZNVFEwTmpZd01qSTFNQT09"
                    }
                },
                "created_time": "2015-11-03T19:39:07+0000",
                "from": {
                    "id": "20415872588",
                    "name": "Shinedown"
                },
                "id": "20415872588_10154320830357589",
                "likes": {
                    "data": [
                        {
                            "id": "1064112876945692",
                            "link": "https://www.facebook.com/app_scoped_user_id/1064112876945692/",
                            "name": "Brit-Nee Byrd",
                            "pic": "https://scontent.xx.fbcdn.net/hprofile-xpf1/v/t1.0-1/p100x100/11863296_1025451210811859_906991823833325186_n.jpg?oh=ad65771e32b862c927e89267fa4d89d9&oe=56B70563"
                        },
                        {
                            "id": "832054753582636",
                            "link": "https://www.facebook.com/app_scoped_user_id/832054753582636/",
                            "name": "Karolin Dorny",
                            "pic": "https://fbcdn-profile-a.akamaihd.net/hprofile-ak-xpa1/v/t1.0-1/p100x100/14629_719489078172538_8044767150765471581_n.jpg?oh=dcef26199af0fe5d74ff18356785c7ac&oe=56B1865F&__gda__=1455692684_fb03582644beefb48f0177d04e8e6b53"
                        },
                        {
                            "id": "620914061379858",
                            "link": "https://www.facebook.com/app_scoped_user_id/620914061379858/",
                            "name": "Glenda Duniphin",
                            "pic": "https://scontent.xx.fbcdn.net/hprofile-xpa1/v/t1.0-1/s100x100/1379841_10150004552801901_469209496895221757_n.jpg?oh=f8025102b03716765d389f233cb36c30&oe=56C38A97"
                        },
                        {
                            "id": "10205547423549276",
                            "link": "https://www.facebook.com/app_scoped_user_id/10205547423549276/",
                            "name": "Lisa Littlefield Watson",
                            "pic": "https://scontent.xx.fbcdn.net/hprofile-xta1/v/t1.0-1/p100x100/12105883_10205417064490381_2572145284412130998_n.jpg?oh=fab02cab36c251de5d70ea44599045fa&oe=56ADC74D"
                        },
                        {
                            "id": "10207989305069898",
                            "link": "https://www.facebook.com/app_scoped_user_id/10207989305069898/",
                            "name": "Leah Baird",
                            "pic": "https://fbcdn-profile-a.akamaihd.net/hprofile-ak-xfp1/v/t1.0-1/p100x100/10439509_10204103702372259_970740359124972586_n.jpg?oh=38b363edd15ea59e08ea6c180e49b3a3&oe=56B1257B&__gda__=1455404653_34689698e0ef0f9eb5f0cbb346c84229"
                        },
                        {
                            "id": "951544171577637",
                            "link": "https://www.facebook.com/app_scoped_user_id/951544171577637/",
                            "name": "Amit Dubey",
                            "pic": "https://scontent.xx.fbcdn.net/hprofile-xfp1/v/t1.0-1/p100x100/11873434_911542148911173_8480364357507108529_n.jpg?oh=de038e149dfc9bd8b100434c72f3ae90&oe=56B246AD"
                        },
                        {
                            "id": "909126675830332",
                            "link": "https://www.facebook.com/app_scoped_user_id/909126675830332/",
                            "name": "Mehmet Ikizler",
                            "pic": "https://fbcdn-profile-a.akamaihd.net/hprofile-ak-xpl1/v/t1.0-1/p100x100/11228518_895576970518636_962622148361981434_n.jpg?oh=fea0f418ca64f83eafb06f6c792d7f87&oe=56BCA5D8&__gda__=1454606330_a9b96cfd17faba4ab64db9bf07b3174e"
                        },
                        {
                            "id": "465724480277663",
                            "link": "https://www.facebook.com/app_scoped_user_id/465724480277663/",
                            "name": "Kevin Hasfun",
                            "pic": "https://scontent.xx.fbcdn.net/hprofile-xpa1/v/t1.0-1/p100x100/10370417_379068925609886_6388626887254441872_n.jpg?oh=c48a3bf95cb6e3e8147b665ff0eeeed6&oe=56CF1BC0"
                        },
                        {
                            "id": "10105613029845091",
                            "link": "https://www.facebook.com/app_scoped_user_id/10105613029845091/",
                            "name": "Mandy Colliatie",
                            "pic": "https://fbcdn-profile-a.akamaihd.net/hprofile-ak-xla1/v/t1.0-1/p100x100/12065660_10105513041717101_8185392964807254731_n.jpg?oh=f65b4a2a8bde7048e732c1d127cb6eb7&oe=56B6A3B1&__gda__=1456236202_9043c63a005603774aa780c7ef681242"
                        },
                        {
                            "id": "1644128502536131",
                            "link": "https://www.facebook.com/app_scoped_user_id/1644128502536131/",
                            "name": "Rose James",
                            "pic": "https://scontent.xx.fbcdn.net/hprofile-xft1/v/t1.0-1/p100x100/11889507_1616114595337522_724609345267558157_n.jpg?oh=497ec25c340bddf6da5f5415759a701e&oe=56CEEE7E"
                        },
                        {
                            "id": "892987650756260",
                            "link": "https://www.facebook.com/app_scoped_user_id/892987650756260/",
                            "name": "Joshua Taylor",
                            "pic": "https://scontent.xx.fbcdn.net/hprofile-xtp1/v/t1.0-1/p100x100/11201500_872042062850819_4255295925997779591_n.jpg?oh=122724e22dc024ddc8d97381870663d6&oe=56C877C4"
                        },
                        {
                            "id": "1482490882057187",
                            "link": "https://www.facebook.com/app_scoped_user_id/1482490882057187/",
                            "name": "Calloway Gwin",
                            "pic": "https://scontent.xx.fbcdn.net/hprofile-xap1/v/t1.0-1/p100x100/10372314_1395173600788916_1944265142516090540_n.jpg?oh=2139bdb67d8446766ac70dab1f3a5d4a&oe=56BC08CF"
                        },
                        {
                            "id": "10153749975298200",
                            "link": "https://www.facebook.com/app_scoped_user_id/10153749975298200/",
                            "name": "Tyler James Dean",
                            "pic": "https://fbcdn-profile-a.akamaihd.net/hprofile-ak-ash2/v/t1.0-1/p100x100/10703541_10152760550613200_7464519267195738861_n.jpg?oh=d8854818c49b004f55697ba617f78186&oe=56CDF17F&__gda__=1455689773_7833a54a0a0a62304d0facd76115731e"
                        },
                        {
                            "id": "10156157378820247",
                            "link": "https://www.facebook.com/app_scoped_user_id/10156157378820247/",
                            "name": "Dana Elliott",
                            "pic": "https://scontent.xx.fbcdn.net/hprofile-xaf1/v/t1.0-1/p100x100/11013063_10155500774475247_7099386984266007655_n.jpg?oh=ae4af00b772fc96d0a77c637b83fc4d1&oe=56CA2A3F"
                        },
                        {
                            "id": "425005831031250",
                            "link": "https://www.facebook.com/app_scoped_user_id/425005831031250/",
                            "name": "Jana Myers",
                            "pic": "https://fbcdn-profile-a.akamaihd.net/hprofile-ak-xft1/v/t1.0-1/p100x100/11998915_410118985853268_7144850476856620595_n.jpg?oh=368a8af085d54378b317bb0aa3ac3d88&oe=56C6CCCD&__gda__=1454883204_8f3977d90b0b6998bd90773b6f272ab2"
                        },
                        {
                            "id": "510376569167621",
                            "link": "https://www.facebook.com/app_scoped_user_id/510376569167621/",
                            "name": "Bilash Khadgi",
                            "pic": "https://fbcdn-profile-a.akamaihd.net/hprofile-ak-xpl1/v/t1.0-1/s100x100/11921620_510051822533429_3297365558374448673_n.jpg?oh=22550a57f7d1eb69f55e5c4dc61df796&oe=56B28F51&__gda__=1454803235_0d3a999a477d460876ae341bf4a074c6"
                        },
                        {
                            "id": "10207824901130053",
                            "link": "https://www.facebook.com/app_scoped_user_id/10207824901130053/",
                            "name": "Erik Mullen",
                            "pic": "https://scontent.xx.fbcdn.net/hprofile-xta1/v/t1.0-1/s100x100/12122847_10207695712420416_951691867418037964_n.jpg?oh=06bf44d423b08d8260af6cf8bed50baa&oe=56B29392"
                        },
                        {
                            "id": "1008805819141222",
                            "link": "https://www.facebook.com/app_scoped_user_id/1008805819141222/",
                            "name": "Melissa K. Lewis",
                            "pic": "https://fbcdn-profile-a.akamaihd.net/hprofile-ak-xfp1/v/t1.0-1/p100x100/10409454_757029157652224_8041261140626630069_n.jpg?oh=abea1783e4ce58bd6e6bb9e63b4c710a&oe=56BD57B0&__gda__=1454695899_8f1d3876ffb1789890bfa6df0811a464"
                        },
                        {
                            "id": "967300783335024",
                            "link": "https://www.facebook.com/app_scoped_user_id/967300783335024/",
                            "name": "Sadie Machado",
                            "pic": "https://scontent.xx.fbcdn.net/hprofile-xap1/v/t1.0-1/p100x100/12049469_951499491581820_2223724740714633219_n.jpg?oh=29cc022684e69cd1d99a8127acab7f83&oe=56B4ECB6"
                        },
                        {
                            "id": "10153937188755579",
                            "link": "https://www.facebook.com/app_scoped_user_id/10153937188755579/",
                            "name": "Lainie Fike",
                            "pic": "https://fbcdn-profile-a.akamaihd.net/hprofile-ak-xfa1/v/t1.0-1/p100x100/12190841_10153932573615579_6573386434518250078_n.jpg?oh=89802bb50dc91e6942899d44accaab0f&oe=56BF60FA&__gda__=1454242762_d35f0cc7d86846a476dfc911e7ff224d"
                        },
                        {
                            "id": "10208369139255016",
                            "link": "https://www.facebook.com/app_scoped_user_id/10208369139255016/",
                            "name": "Christian Kraft",
                            "pic": "https://fbcdn-profile-a.akamaihd.net/hprofile-ak-xfp1/v/t1.0-1/p100x100/12195910_10208356064168147_3411751612107613272_n.jpg?oh=e3c94b091eb15d8f7eac2e9663269077&oe=56C7E099&__gda__=1455433230_4a4e03d70418e06f5f6931a8a3683e7d"
                        },
                        {
                            "id": "1110081749016963",
                            "link": "https://www.facebook.com/app_scoped_user_id/1110081749016963/",
                            "name": "Luke Chapman Vanderkar",
                            "pic": "https://fbcdn-profile-a.akamaihd.net/hprofile-ak-xta1/v/t1.0-1/p100x100/11800293_1051533394871799_2328983785014945372_n.jpg?oh=3dd5573ebc0d801e9fe8cc3d41d5617b&oe=56CB6840&__gda__=1455728632_698586a2cc5feada1f7629310b72b46d"
                        },
                        {
                            "id": "10100102611544390",
                            "link": "https://www.facebook.com/app_scoped_user_id/10100102611544390/",
                            "name": "Carlo Colasacco",
                            "pic": "https://scontent.xx.fbcdn.net/hprofile-xat1/v/t1.0-1/p100x100/15249_922536978290_1475386432591384382_n.jpg?oh=96d2e03c23173237b968a3401d92d182&oe=56BFC58F"
                        },
                        {
                            "id": "434750093384474",
                            "link": "https://www.facebook.com/app_scoped_user_id/434750093384474/",
                            "name": "Lisa Carte",
                            "pic": "https://scontent.xx.fbcdn.net/hprofile-xap1/v/t1.0-1/p100x100/12042967_425274294332054_2720771048574298949_n.jpg?oh=b5ceecd13647abfe2167cb4fbef360eb&oe=56B2D704"
                        },
                        {
                            "id": "10153779810879903",
                            "link": "https://www.facebook.com/app_scoped_user_id/10153779810879903/",
                            "name": "Malaree Yablonski",
                            "pic": "https://scontent.xx.fbcdn.net/hprofile-xla1/v/t1.0-1/p100x100/10151242_10153776016239903_5899630922279021263_n.jpg?oh=60062b792e670715704676e18274ad94&oe=56CAC397"
                        }
                    ],
                    "paging": {
                        "cursors": {
                            "after": "MTAxNTM3Nzk4MTA4Nzk5MDM=",
                            "before": "MTA2NDExMjg3Njk0NTY5Mg=="
                        },
                        "next": "https://graph.facebook.com/v2.5/20415872588_10154320830357589/likes?fields=id,name,username,link,pic&access_token=1648603168713893|SH8XaQX2csNKg69heA75-jgz6DY&limit=25&after=MTAxNTM3Nzk4MTA4Nzk5MDM%3D"
                    }
                },
                "shares": {"count": 44},
                "updated_time": "2015-11-04T05:01:18+0000"
            },
            {
                "caption": "straightonmusic.com",
                "created_time": "2015-11-03T18:09:09+0000",
                "from": {
                    "id": "1544185969161523",
                    "name": "Straightonmusic.com"
                },
                "id": "1544185969161523_1672895866290532",
                "likes": {
                    "data": [
                        {
                            "id": "10205080198069401",
                            "link": "https://www.facebook.com/app_scoped_user_id/10205080198069401/",
                            "name": "Mariangela Kosmatou",
                            "pic": "https://fbcdn-profile-a.akamaihd.net/hprofile-ak-xpa1/v/t1.0-1/p100x100/12088534_10204967456730938_56067822233250091_n.jpg?oh=eead5e6c04479c2efbbadac74c7b4af7&oe=56BDE942&__gda__=1455249663_f2fd98b796d344383cd0d88a8e486dc4"
                        },
                        {
                            "id": "10205199026120168",
                            "link": "https://www.facebook.com/app_scoped_user_id/10205199026120168/",
                            "name": "Giorgos Qcs",
                            "pic": "https://scontent.xx.fbcdn.net/hprofile-xpa1/v/t1.0-1/p100x100/20300_4234979757684_667239035_n.jpg?oh=784e63515e93f1fec5a089ba5471e527&oe=56BEFA0B"
                        },
                        {
                            "id": "1501757210124516",
                            "link": "https://www.facebook.com/app_scoped_user_id/1501757210124516/",
                            "name": "??????? ????????????",
                            "pic": "https://scontent.xx.fbcdn.net/hprofile-xal1/v/t1.0-1/p100x100/11742969_1461026814197556_2531713529899567320_n.jpg?oh=126d7348c19b4bcb9b7cfcb69594bc93&oe=56B073A6"
                        },
                        {
                            "id": "177022945976211",
                            "link": "https://www.facebook.com/app_scoped_user_id/177022945976211/",
                            "name": "Vicky Chatziioannidou",
                            "pic": "https://scontent.xx.fbcdn.net/hprofile-xtf1/v/t1.0-1/p100x100/12002753_154757468202759_1871076077758434170_n.jpg?oh=98383171d318dd8c4091aca1fb7b01eb&oe=56F7E66C"
                        },
                        {
                            "id": "10207205096579319",
                            "link": "https://www.facebook.com/app_scoped_user_id/10207205096579319/",
                            "name": "Fanourgiakis Giorgos",
                            "pic": "https://scontent.xx.fbcdn.net/hprofile-xfp1/v/t1.0-1/p100x100/12189773_10207203874628771_976115873295295272_n.jpg?oh=eb303b2ea7c01211530c4d8d4951d0f5&oe=56B576B6"
                        },
                        {
                            "id": "727295820738351",
                            "link": "https://www.facebook.com/app_scoped_user_id/727295820738351/",
                            "name": "Baba O'Riley",
                            "pic": "https://scontent.xx.fbcdn.net/hprofile-frc3/v/t1.0-1/s100x100/229037_177206592413946_1611942591_n.jpg?oh=afbebca7211448e008da332fc9bb7cae&oe=56CA04A7"
                        },
                        {
                            "id": "602563463214945",
                            "link": "https://www.facebook.com/app_scoped_user_id/602563463214945/",
                            "name": "Alexandra Karavasili",
                            "pic": "https://scontent.xx.fbcdn.net/hprofile-xta1/v/t1.0-1/p100x100/12191039_600250723446219_6036739692364921761_n.jpg?oh=a788ce38bc3da6bd2da4771e2c94bccf&oe=56C1B045"
                        },
                        {
                            "id": "1516154615344387",
                            "link": "https://www.facebook.com/app_scoped_user_id/1516154615344387/",
                            "name": "Georgia Lts",
                            "pic": "https://fbcdn-profile-a.akamaihd.net/hprofile-ak-xtp1/v/t1.0-1/s100x100/12096105_1511910859102096_5085308977309711513_n.jpg?oh=4e02bf546017e5e8fb35324cd0ead82e&oe=56CB1DF0&__gda__=1459175186_9d10e3ced25ad9737a30e2e9e61648e2"
                        },
                        {
                            "id": "429566493919753",
                            "link": "https://www.facebook.com/app_scoped_user_id/429566493919753/",
                            "name": "Nona Weisbaum",
                            "pic": "https://scontent.xx.fbcdn.net/hprofile-xta1/v/t1.0-1/p100x100/12122776_424004071142662_6584745568166712647_n.jpg?oh=6ec6ecc3e6be53ad9efa067cc0a6a519&oe=56C2DCAD"
                        },
                        {
                            "id": "1500995100200645",
                            "link": "https://www.facebook.com/app_scoped_user_id/1500995100200645/",
                            "name": "?????? ???????????",
                            "pic": "https://scontent.xx.fbcdn.net/hprofile-xfp1/v/t1.0-1/p100x100/12009815_1487758991524256_2890063239071264917_n.jpg?oh=7b6ef47db6872db5a5cdb6392c263a55&oe=56CC1A6D"
                        },
                        {
                            "id": "556872234464169",
                            "link": "https://www.facebook.com/app_scoped_user_id/556872234464169/",
                            "name": "Emma Manu",
                            "pic": "https://scontent.xx.fbcdn.net/hprofile-xpa1/v/t1.0-1/p100x100/12122502_555955034555889_8498816755787266570_n.jpg?oh=5602281e29345e9bbbbce2864b0293df&oe=56B4778B"
                        },
                        {
                            "id": "1627521847502730",
                            "link": "https://www.facebook.com/app_scoped_user_id/1627521847502730/",
                            "name": "???? ?-?????????",
                            "pic": "https://scontent.xx.fbcdn.net/hprofile-xaf1/v/t1.0-1/p100x100/1488205_1378305145757736_632425672_n.jpg?oh=eac509b33ec9348cb641fd1e532ff2f9&oe=56C6B200"
                        },
                        {
                            "id": "923519304390304",
                            "link": "https://www.facebook.com/app_scoped_user_id/923519304390304/",
                            "name": "Dimitris Dimitrakopoulos",
                            "pic": "https://fbcdn-profile-a.akamaihd.net/hprofile-ak-xft1/v/t1.0-1/p100x100/10521655_848391601903075_6066769908591844591_n.jpg?oh=2493c82ea022845a9de8c8f2390386d3&oe=56F9CCCB&__gda__=1454678914_75b6dd384602cad0c3809598ad20362c"
                        },
                        {
                            "id": "10205410623251786",
                            "link": "https://www.facebook.com/app_scoped_user_id/10205410623251786/",
                            "name": "Dimitris Ntintis",
                            "pic": "https://scontent.xx.fbcdn.net/hprofile-ash2/v/t1.0-1/p100x100/10383903_10202739404192979_6449211606268978360_n.jpg?oh=931fdeaa27e18ac689a8a1e845f9c94e&oe=56BFBE24"
                        },
                        {
                            "id": "1087231197976162",
                            "link": "https://www.facebook.com/app_scoped_user_id/1087231197976162/",
                            "name": "Marianthi Tsetsou",
                            "pic": "https://scontent.xx.fbcdn.net/hprofile-xta1/v/t1.0-1/p100x100/12144810_1072845492748066_8547418748152040493_n.jpg?oh=698016a4463f9187ae1c714ee1655729&oe=56C4DB38"
                        },
                        {
                            "id": "1517982358511899",
                            "link": "https://www.facebook.com/app_scoped_user_id/1517982358511899/",
                            "name": "?????? ??????",
                            "pic": "https://fbcdn-profile-a.akamaihd.net/hprofile-ak-xfa1/v/t1.0-1/p100x100/11214075_1468631330113669_7764927027711280265_n.jpg?oh=504af872fb625442af99e9da946caafe&oe=56AC2ADD&__gda__=1456358801_9a4b440d9b995aa875c7494900f3abed"
                        },
                        {
                            "id": "10203730699028450",
                            "link": "https://www.facebook.com/app_scoped_user_id/10203730699028450/",
                            "name": "????? ??????",
                            "pic": "https://scontent.xx.fbcdn.net/hprofile-xaf1/v/t1.0-1/s100x100/12096534_10203651649852270_348090666370680778_n.jpg?oh=ff60d9debe29525e4fca1a59477e3039&oe=56AE1BA4"
                        },
                        {
                            "id": "10208174434582735",
                            "link": "https://www.facebook.com/app_scoped_user_id/10208174434582735/",
                            "name": "Thanos Karalis",
                            "pic": "https://scontent.xx.fbcdn.net/hprofile-xfa1/v/t1.0-1/p100x100/11907179_10207696098104622_6668317052300537788_n.jpg?oh=c82e675046c5e03c7177a083e5574cfc&oe=56B7AF17"
                        },
                        {
                            "id": "10208042306434790",
                            "link": "https://www.facebook.com/app_scoped_user_id/10208042306434790/",
                            "name": "Sola Luna",
                            "pic": "https://scontent.xx.fbcdn.net/hprofile-xpa1/v/t1.0-1/p100x100/1385361_10202245554799622_1276581700_n.jpg?oh=6f1c5958a86a9c19fbbcc4f56687db78&oe=56BA99F7"
                        },
                        {
                            "id": "10205408914926845",
                            "link": "https://www.facebook.com/app_scoped_user_id/10205408914926845/",
                            "name": "Kyriakos Stergiadis",
                            "pic": "https://scontent.xx.fbcdn.net/hprofile-xta1/v/t1.0-1/p100x100/11231678_10205068197889132_1311040232460043914_n.jpg?oh=fd26da7d1193daffc59a4eee3d0e2e07&oe=56C22E13"
                        },
                        {
                            "id": "1520243211631025",
                            "link": "https://www.facebook.com/app_scoped_user_id/1520243211631025/",
                            "name": "??????? ??????",
                            "pic": "https://scontent.xx.fbcdn.net/hprofile-xaf1/v/t1.0-1/p100x100/11393221_1436414443347236_6830941795415864035_n.jpg?oh=d7b76acf8d49d002d15c2cd1e0640a90&oe=56B2492B"
                        },
                        {
                            "id": "481720478656629",
                            "link": "https://www.facebook.com/app_scoped_user_id/481720478656629/",
                            "name": "??????? ??????????",
                            "pic": "https://scontent.xx.fbcdn.net/hprofile-xtf1/v/t1.0-1/p100x100/12065681_479785495516794_8478393671320248973_n.jpg?oh=550ec988d1b9db1f8df847dab2d16223&oe=56C27A52"
                        },
                        {
                            "id": "861243837322592",
                            "link": "https://www.facebook.com/app_scoped_user_id/861243837322592/",
                            "name": "Rafaella Campisi",
                            "pic": "https://scontent.xx.fbcdn.net/hprofile-xfp1/v/t1.0-1/p100x100/11049535_859717724141870_3450411624188687408_n.jpg?oh=1d50ca96680f9b3202d24cec948d1429&oe=56B3F3AB"
                        },
                        {
                            "id": "10205711358558328",
                            "link": "https://www.facebook.com/app_scoped_user_id/10205711358558328/",
                            "name": "Marianta Theodwratou",
                            "pic": "https://fbcdn-profile-a.akamaihd.net/hprofile-ak-xft1/v/t1.0-1/p100x100/11707520_10205056259461260_2593147061615533518_n.jpg?oh=289f2023290c0a5a0b4588bceae8337b&oe=56CBFD14&__gda__=1455370553_f5d0bfe6be95dd45f54efa5edf449cea"
                        },
                        {
                            "id": "10153140374410811",
                            "link": "https://www.facebook.com/app_scoped_user_id/10153140374410811/",
                            "name": "Kaos BoBo",
                            "pic": "https://scontent.xx.fbcdn.net/hprofile-xlp1/v/t1.0-1/p100x100/12105807_10153093150195811_7324225949211110557_n.jpg?oh=c81423879d5d1aa7888e1ec79086cc3d&oe=56BE0D3B"
                        }
                    ],
                    "paging": {
                        "cursors": {
                            "after": "MTAxNTMxNDAzNzQ0MTA4MTE=",
                            "before": "MTAyMDUwODAxOTgwNjk0MDE="
                        },
                        "next": "https://graph.facebook.com/v2.5/1544185969161523_1672895866290532/likes?fields=id,name,username,link,pic&access_token=1648603168713893|SH8XaQX2csNKg69heA75-jgz6DY&limit=25&after=MTAxNTMxNDAzNzQ0MTA4MTE%3D"
                    }
                },
                "updated_time": "2015-11-03T18:09:09+0000"
            },
            {
                "caption": "Photo credit: Jeff Schear Visuals",
                "created_time": "2015-11-03T16:53:12+0000",
                "from": {
                    "id": "103674388574",
                    "name": "Hard Rock Hotel Chicago"
                },
                "id": "103674388574_10153225553033575",
                "likes": {
                    "data": [{
                        "id": "10206649241504175",
                        "link": "https://www.facebook.com/app_scoped_user_id/10206649241504175/",
                        "name": "Dianna Nedza Underhill",
                        "pic": "https://fbcdn-profile-a.akamaihd.net/hprofile-ak-xpt1/v/t1.0-1/p100x100/12088468_10206564243019266_8149532307253595924_n.jpg?oh=337844f16b23592d6ab338eed2901b39&oe=56BCFBF7&__gda__=1454598779_9ad8bb69c82ddf348db2c42d58b2cc4b"
                    }],
                    "paging": {"cursors": {
                        "after": "MTAyMDY2NDkyNDE1MDQxNzU=",
                        "before": "MTAyMDY2NDkyNDE1MDQxNzU="
                    }}
                },
                "updated_time": "2015-11-03T16:53:12+0000"
            },
            {
                "created_time": "2015-11-03T14:47:49+0000",
                "from": {
                    "id": "900691053318041",
                    "name": "Kenneth Dickson"
                },
                "id": "131572223581891_986355124770259",
                "likes": {
                    "data": [{
                        "id": "935291903207792",
                        "link": "https://www.facebook.com/app_scoped_user_id/935291903207792/",
                        "name": "Pam Stiverson",
                        "pic": "https://scontent.xx.fbcdn.net/hprofile-frc3/v/t1.0-1/s100x100/10620806_716056345131350_4080244705874411399_n.jpg?oh=18f574bdf93653afd90fc82b31212376&oe=56FA3DAF"
                    }],
                    "paging": {"cursors": {
                        "after": "OTM1MjkxOTAzMjA3Nzky",
                        "before": "OTM1MjkxOTAzMjA3Nzky"
                    }}
                },
                "updated_time": "2015-11-03T14:47:49+0000"
            },
            {
                "caption": "bravewords.com",
                "created_time": "2015-11-03T12:35:50+0000",
                "from": {
                    "id": "117005161693059",
                    "name": "Bravewords.com"
                },
                "id": "117005161693059_974167832643450",
                "likes": {
                    "data": [
                        {
                            "id": "1092525624090793",
                            "link": "https://www.facebook.com/app_scoped_user_id/1092525624090793/",
                            "name": "Tyler Boychuk",
                            "pic": "https://scontent.xx.fbcdn.net/hprofile-xpt1/v/t1.0-1/p100x100/12191589_1091952627481426_2568692485212185478_n.jpg?oh=3a13210b8c9e50fd10ea42c5c62b04a1&oe=56AECF17"
                        },
                        {
                            "id": "10153123052076820",
                            "link": "https://www.facebook.com/app_scoped_user_id/10153123052076820/",
                            "name": "Stu Purpur",
                            "pic": "https://scontent.xx.fbcdn.net/hprofile-xap1/v/t1.0-1/s100x100/227362_5742386819_425_n.jpg?oh=349576a1e482d9e4e80557efa027cfde&oe=56F87865"
                        },
                        {
                            "id": "110788098960900",
                            "link": "https://www.facebook.com/Mydearaddiction/",
                            "name": "My Dear Addiction",
                            "pic": "https://scontent.xx.fbcdn.net/hprofile-xta1/v/t1.0-1/p100x100/12096381_1003285613044473_3089356424976137832_n.jpg?oh=982ad85516f462efbbd5c4fef8766e47&oe=56B9EA94",
                            "username": "Mydearaddiction"
                        },
                        {
                            "id": "210257089184388",
                            "link": "https://www.facebook.com/unkindnessofravensmusic/",
                            "name": "Unkindness Of Ravens",
                            "pic": "https://fbcdn-profile-a.akamaihd.net/hprofile-ak-xfp1/v/t1.0-1/p100x100/12019986_395460290664066_6314823354775079610_n.jpg?oh=b71c32533ce11dca44ca582925bf48b6&oe=56C50441&__gda__=1454247722_61418b204e98ee0001a71e83a2f99480",
                            "username": "unkindnessofravensmusic"
                        },
                        {
                            "id": "1482165595422097",
                            "link": "https://www.facebook.com/app_scoped_user_id/1482165595422097/",
                            "name": "Lidia Alamilla",
                            "pic": "https://scontent.xx.fbcdn.net/hprofile-prn2/v/t1.0-1/p100x100/10341952_1378613775777280_7110066895052802075_n.jpg?oh=6078332401811a900f969b36b88f036e&oe=56AF5006"
                        },
                        {
                            "id": "957828447623370",
                            "link": "https://www.facebook.com/app_scoped_user_id/957828447623370/",
                            "name": "Katia Glam Salomoni",
                            "pic": "https://scontent.xx.fbcdn.net/hprofile-xpf1/v/l/t1.0-1/s100x100/75015_434423769963843_1007670125_n.jpg?oh=327acbb3f231c956d0545f62bdd642e1&oe=56C6B0E3"
                        }
                    ],
                    "paging": {"cursors": {
                        "after": "OTU3ODI4NDQ3NjIzMzcw",
                        "before": "MTA5MjUyNTYyNDA5MDc5Mw=="
                    }}
                },
                "shares": {"count": 4},
                "updated_time": "2015-11-03T12:35:50+0000"
            },
            {
                "caption": "youtube.com",
                "comments": {
                    "data": [
                        {
                            "comment_count": 0,
                            "created_time": "2015-11-03T09:00:03+0000",
                            "from": {
                                "id": "10153144693756994",
                                "name": "Mikael Huffman"
                            },
                            "id": "10153984222000348_10153984234910348",
                            "is_hidden": false,
                            "is_private": false,
                            "like_count": 0
                        },
                        {
                            "comment_count": 0,
                            "created_time": "2015-11-03T12:42:26+0000",
                            "from": {
                                "id": "10153321148493235",
                                "name": "Jarrad Bradt"
                            },
                            "id": "10153984222000348_10153984454305348",
                            "is_hidden": false,
                            "is_private": false,
                            "like_count": 2,
                            "likes": {
                                "data": [
                                    {
                                        "id": "10156237750735014",
                                        "name": "William Smith"
                                    },
                                    {
                                        "id": "10153144693756994",
                                        "name": "Mikael Huffman"
                                    }
                                ],
                                "paging": {"cursors": {
                                    "after": "MTAxNTMxNDQ2OTM3NTY5OTQZD",
                                    "before": "MTAxNTYyMzc3NTA3MzUwMTQZD"
                                }}
                            }
                        },
                        {
                            "comment_count": 0,
                            "created_time": "2015-11-03T19:25:38+0000",
                            "from": {
                                "id": "908646209205238",
                                "name": "Erin Anthony-Buckley"
                            },
                            "id": "10153984222000348_10153985015670348",
                            "is_hidden": false,
                            "is_private": false,
                            "like_count": 0
                        }
                    ],
                    "paging": {"cursors": {
                        "after": "WTI5dGJXVnVkRjlqZFhKemIzSTZNVEF4TlRNNU9EVXdNVFUyTnpBek5EZzZNVFEwTmpVM09EY3pPQT09",
                        "before": "WTI5dGJXVnVkRjlqZFhKemIzSTZNVEF4TlRNNU9EUXlNelE1TVRBek5EZzZNVFEwTmpVME1USXdNdz09"
                    }}
                },
                "created_time": "2015-11-03T08:52:28+0000",
                "from": {
                    "id": "110600175347",
                    "name": "Total Guitar"
                },
                "id": "110600175347_10153984222000348",
                "likes": {
                    "data": [
                        {
                            "id": "1078461948855022",
                            "link": "https://www.facebook.com/app_scoped_user_id/1078461948855022/",
                            "name": "Pedro Velarde",
                            "pic": "https://scontent.xx.fbcdn.net/hprofile-xft1/v/t1.0-1/p100x100/12003974_1062690447098839_7789452420318256870_n.jpg?oh=5e1af5d15233837f36f18b42c8ed2cbf&oe=56C82D9E"
                        },
                        {
                            "id": "1083584751652311",
                            "link": "https://www.facebook.com/app_scoped_user_id/1083584751652311/",
                            "name": "Sanj Surati",
                            "pic": "https://fbcdn-profile-a.akamaihd.net/hprofile-ak-xtf1/v/t1.0-1/p100x100/12011272_1062230453787741_1588745905316615419_n.jpg?oh=330268963b3072d31f9ab25aac94c8c0&oe=56B7B8D3&__gda__=1455273221_874dc19fd92073bc6b2cf837bdc8b9c2"
                        },
                        {
                            "id": "405522616310374",
                            "link": "https://www.facebook.com/app_scoped_user_id/405522616310374/",
                            "name": "Cory Hopkins",
                            "pic": "https://scontent.xx.fbcdn.net/hprofile-xfa1/v/t1.0-1/p100x100/11800581_381377612058208_6042863735628734209_n.jpg?oh=b61aab3cdfa3663e7a796950ea61d587&oe=56BB71C9"
                        },
                        {
                            "id": "10156071146395391",
                            "link": "https://www.facebook.com/app_scoped_user_id/10156071146395391/",
                            "name": "Montana Shacks",
                            "pic": "https://scontent.xx.fbcdn.net/hprofile-xap1/v/t1.0-1/p100x100/1497628_10153621711170391_1288521758_n.jpg?oh=09ca4697dc46a5112a78b0eada75d51f&oe=56B2D57D"
                        },
                        {
                            "id": "500267356809494",
                            "link": "https://www.facebook.com/app_scoped_user_id/500267356809494/",
                            "name": "Surachart Srisan",
                            "pic": "https://scontent.xx.fbcdn.net/hprofile-xfl1/v/t1.0-1/p100x100/11986481_485095934993303_8140999436723927961_n.jpg?oh=8b023b4ab55b9be4ecfb64107be5e480&oe=56CAEBD3"
                        }
                    ],
                    "paging": {"cursors": {
                        "after": "NTAwMjY3MzU2ODA5NDk0",
                        "before": "MTA3ODQ2MTk0ODg1NTAyMg=="
                    }}
                },
                "shares": {"count": 5},
                "updated_time": "2015-11-03T19:25:38+0000"
            },
            {
                "caption": "youtube.com",
                "comments": {
                    "data": [
                        {
                            "comment_count": 0,
                            "created_time": "2015-11-03T07:52:47+0000",
                            "from": {
                                "id": "1083792664977887",
                                "name": "Giota Ververaki"
                            },
                            "id": "903797629673466_903797859673443",
                            "is_hidden": false,
                            "is_private": false,
                            "like_count": 0
                        },
                        {
                            "comment_count": 0,
                            "created_time": "2015-11-03T07:55:09+0000",
                            "from": {
                                "id": "1083792664977887",
                                "name": "Giota Ververaki"
                            },
                            "id": "903797629673466_903798396340056",
                            "is_hidden": false,
                            "is_private": false,
                            "like_count": 2,
                            "likes": {
                                "data": [
                                    {
                                        "id": "1480398042268013",
                                        "name": "???? ???????"
                                    },
                                    {
                                        "id": "1481845705458376",
                                        "name": "Eleutheria Katsikarh"
                                    }
                                ],
                                "paging": {"cursors": {
                                    "after": "MTQ4MTg0NTcwNTQ1ODM3NgZDZD",
                                    "before": "MTQ4MDM5ODA0MjI2ODAxMwZDZD"
                                }}
                            }
                        }
                    ],
                    "paging": {"cursors": {
                        "after": "WTI5dGJXVnVkRjlqZFhKemIzSTZPVEF6TnprNE16azJNelF3TURVMk9qRTBORFkxTXpjek1UQT0=",
                        "before": "WTI5dGJXVnVkRjlqZFhKemIzSTZPVEF6TnprM09EVTVOamN6TkRRek9qRTBORFkxTXpjeE5qZz0="
                    }}
                },
                "created_time": "2015-11-03T07:51:51+0000",
                "from": {
                    "id": "117256394994264",
                    "name": "96.9 Rock FM"
                },
                "id": "117256394994264_903797629673466",
                "likes": {
                    "data": [
                        {
                            "id": "192198261115191",
                            "link": "https://www.facebook.com/app_scoped_user_id/192198261115191/",
                            "name": "????? ??",
                            "pic": "https://fbcdn-profile-a.akamaihd.net/hprofile-ak-xaf1/v/t1.0-1/p100x100/11900059_156749701326714_2741830308343579281_n.jpg?oh=2c3efcf72891d38ad1eaa25d538ec63d&oe=56B3C6BC&__gda__=1455570944_fed6e2838a7b4960166bc6473f2cbbd9"
                        },
                        {
                            "id": "465838790286315",
                            "link": "https://www.facebook.com/app_scoped_user_id/465838790286315/",
                            "name": "???? ?????????",
                            "pic": "https://scontent.xx.fbcdn.net/hprofile-xfa1/v/t1.0-1/s100x100/10325412_248799238656939_6503316992181360299_n.jpg?oh=7ecc5b07d0cfe009b4ca608e13fb0103&oe=56BF62CE"
                        },
                        {
                            "id": "609616889178857",
                            "link": "https://www.facebook.com/app_scoped_user_id/609616889178857/",
                            "name": "????? ??????",
                            "pic": "https://scontent.xx.fbcdn.net/hprofile-xat1/v/t1.0-1/p100x100/12109136_602980486509164_3150459172434033617_n.jpg?oh=1ea8d886b588fda1bfc1e015cebff3ad&oe=56C4AE50"
                        },
                        {
                            "id": "541183022696114",
                            "link": "https://www.facebook.com/app_scoped_user_id/541183022696114/",
                            "name": "????? ???.",
                            "pic": "https://scontent.xx.fbcdn.net/hprofile-xfp1/v/t1.0-1/p100x100/1011675_536887319792351_7998615562091971676_n.jpg?oh=5afc3394ed921404c6d10f5297745bf5&oe=56B2449A"
                        },
                        {
                            "id": "189549998049937",
                            "link": "https://www.facebook.com/app_scoped_user_id/189549998049937/",
                            "name": "????????? ??????",
                            "pic": "https://scontent.xx.fbcdn.net/hprofile-xpf1/v/t1.0-1/p100x100/11822407_136607913344146_7280016160862698531_n.jpg?oh=f847e57b39021ad1213f9169205a57a5&oe=56B9E23C"
                        },
                        {
                            "id": "10207826462770659",
                            "link": "https://www.facebook.com/app_scoped_user_id/10207826462770659/",
                            "name": "Stathis Panagiotidis",
                            "pic": "https://scontent.xx.fbcdn.net/hprofile-xap1/v/t1.0-1/s100x100/11701164_10206966400869649_8217198655300766134_n.jpg?oh=055aa345c854503a93c8b979b97763a8&oe=56C3939D"
                        },
                        {
                            "id": "972906732777258",
                            "link": "https://www.facebook.com/app_scoped_user_id/972906732777258/",
                            "name": "Marios Nikolaos Perialis",
                            "pic": "https://fbcdn-profile-a.akamaihd.net/hprofile-ak-xtp1/v/t1.0-1/p100x100/12193885_972422899492308_4792188549165667294_n.jpg?oh=ee1940c59e235481e65e31af29e7c510&oe=56B9CF17&__gda__=1454670811_5d5f8360a7dda454f9dbe5b6c6a65ce8"
                        },
                        {
                            "id": "1693467804222348",
                            "link": "https://www.facebook.com/app_scoped_user_id/1693467804222348/",
                            "name": "Constantino Alejandro Taropulos Pache",
                            "pic": "https://fbcdn-profile-a.akamaihd.net/hprofile-ak-xta1/v/t1.0-1/p100x100/10639568_1510142112554919_2413623887497350442_n.jpg?oh=c76bcf8a9554f2cc22ea228829f2e734&oe=56C88B70&__gda__=1454956488_be2aedba331bbb7d496053f941e3405c"
                        },
                        {
                            "id": "10153621342761827",
                            "link": "https://www.facebook.com/app_scoped_user_id/10153621342761827/",
                            "name": "Danny Abas",
                            "pic": "https://scontent.xx.fbcdn.net/hprofile-xaf1/v/t1.0-1/p100x100/11163897_10153247948661827_7223354169947124462_n.jpg?oh=5c6a48a90d63f22ea95ec433b8ef5416&oe=56F83C61"
                        },
                        {
                            "id": "1480398042268013",
                            "link": "https://www.facebook.com/app_scoped_user_id/1480398042268013/",
                            "name": "???? ???????",
                            "pic": "https://fbcdn-profile-a.akamaihd.net/hprofile-ak-xfa1/v/t1.0-1/s100x100/10924729_1379063435734808_422884474891984460_n.jpg?oh=16a18e1f1a3fcc2dd133f2652eff5e87&oe=56F77B41&__gda__=1455701448_b115e462f3db93fda4cd5496351a7b31"
                        },
                        {
                            "id": "1524873484499259",
                            "link": "https://www.facebook.com/app_scoped_user_id/1524873484499259/",
                            "name": "Love Bites",
                            "pic": "https://scontent.xx.fbcdn.net/hprofile-xft1/v/t1.0-1/p100x100/12187685_1524441134542494_4963881027860097754_n.jpg?oh=be20ee58cccf1b12304bd35ef48e78fb&oe=56CCF9F6"
                        },
                        {
                            "id": "10205251721032666",
                            "link": "https://www.facebook.com/app_scoped_user_id/10205251721032666/",
                            "name": "Despina Androulaki",
                            "pic": "https://scontent.xx.fbcdn.net/hprofile-xfp1/v/t1.0-1/p100x100/10954539_10205148240245711_9024913298375003223_n.jpg?oh=978e31cb4717703b98c32a4ce30cfe89&oe=56C132FC"
                        },
                        {
                            "id": "1067610893256637",
                            "link": "https://www.facebook.com/app_scoped_user_id/1067610893256637/",
                            "name": "Anna Veatriki Barreto",
                            "pic": "https://scontent.xx.fbcdn.net/hprofile-xft1/v/t1.0-1/p100x100/12143102_1060086187342441_3466321760596880791_n.jpg?oh=49a9c84b452bfc32b70e1b067ab25cf6&oe=56B4ACEA"
                        },
                        {
                            "id": "10207771776790944",
                            "link": "https://www.facebook.com/app_scoped_user_id/10207771776790944/",
                            "name": "Dimitris Zippo Poupoulidis",
                            "pic": "https://fbcdn-profile-a.akamaihd.net/hprofile-ak-xap1/v/t1.0-1/s100x100/1395306_10202317068386643_1303307199_n.jpg?oh=bda68b756aa22d0ba498b3d843c921ce&oe=56CDB1FD&__gda__=1456215148_6523db28644ca13dc42b9740c2533dad"
                        },
                        {
                            "id": "986023598103497",
                            "link": "https://www.facebook.com/app_scoped_user_id/986023598103497/",
                            "name": "Maro Kefala",
                            "pic": "https://fbcdn-profile-a.akamaihd.net/hprofile-ak-xap1/v/t1.0-1/p100x100/12193582_983819314990592_3637131537260210459_n.jpg?oh=a494df27cf8c81a1c9fac00fb80949e4&oe=56B62B47&__gda__=1456172098_0d92c0d7ead23c21b5d4cef2819d5262"
                        },
                        {
                            "id": "839679666149296",
                            "link": "https://www.facebook.com/app_scoped_user_id/839679666149296/",
                            "name": "??????? ??????????",
                            "pic": "https://scontent.xx.fbcdn.net/hprofile-xat1/v/t1.0-1/p100x100/12075069_829779190472677_3895835069302947703_n.jpg?oh=0bbdd966fa1a57147a7944b0465038c0&oe=56B17AAF"
                        },
                        {
                            "id": "1654515321455598",
                            "link": "https://www.facebook.com/app_scoped_user_id/1654515321455598/",
                            "name": "Mairi Dimani",
                            "pic": "https://scontent.xx.fbcdn.net/hprofile-xfp1/v/t1.0-1/s100x100/1237535_1431167707123695_344047846_n.jpg?oh=6a96d5e0f1a20c83a726d8633b497e6f&oe=56BD58D7"
                        },
                        {
                            "id": "10206987838747364",
                            "link": "https://www.facebook.com/app_scoped_user_id/10206987838747364/",
                            "name": "Georgia Mela",
                            "pic": "https://scontent.xx.fbcdn.net/hprofile-xpf1/v/t1.0-1/p100x100/69156_4151680343249_1489380253_n.jpg?oh=b05b31ab00a9c83daaf4d0897eb6f0eb&oe=56B5BF2D"
                        },
                        {
                            "id": "441541759381990",
                            "link": "https://www.facebook.com/app_scoped_user_id/441541759381990/",
                            "name": "Irida Krithary",
                            "pic": "https://scontent.xx.fbcdn.net/hprofile-ash2/v/t1.0-1/s100x100/602864_182344448635057_171960204_n.jpg?oh=57e799c4648ba6d35f718ed2b7ae6e0d&oe=56B5586A"
                        },
                        {
                            "id": "1179678885394884",
                            "link": "https://www.facebook.com/app_scoped_user_id/1179678885394884/",
                            "name": "Efthimis Sourtzis",
                            "pic": "https://fbcdn-profile-a.akamaihd.net/hprofile-ak-xfa1/v/t1.0-1/p100x100/12039686_1160635050632601_7653694096314481905_n.jpg?oh=0ad5cf62caa1125054d97849d4f8739a&oe=56B99331&__gda__=1459167869_e1c71641d4e1c399cf30565a9c7a1b6d"
                        },
                        {
                            "id": "903319643038447",
                            "link": "https://www.facebook.com/app_scoped_user_id/903319643038447/",
                            "name": "Vaso Stamati",
                            "pic": "https://scontent.xx.fbcdn.net/hprofile-xap1/v/t1.0-1/p100x100/66497_439724022731347_1841379027_n.jpg?oh=f1e70bb1d017173693c17e694fdc1995&oe=56C8DBD7"
                        },
                        {
                            "id": "10153598837444543",
                            "link": "https://www.facebook.com/app_scoped_user_id/10153598837444543/",
                            "name": "Outzis Apostolos",
                            "pic": "https://fbcdn-profile-a.akamaihd.net/hprofile-ak-xaf1/v/t1.0-1/p100x100/26438_370082119542_5363166_n.jpg?oh=64811cbb94c293e9070a6d400226523a&oe=56B62A79&__gda__=1456276638_02512af00dad67b3de445c4569f21beb"
                        },
                        {
                            "id": "903897809718160",
                            "link": "https://www.facebook.com/app_scoped_user_id/903897809718160/",
                            "name": "Nikh K. Davelh",
                            "pic": "https://scontent.xx.fbcdn.net/hprofile-xfp1/v/t1.0-1/p100x100/12042968_899802440127697_3357006524114252767_n.jpg?oh=f40ffc30fc4de46cb272949cc8a19f06&oe=56BD6B67"
                        },
                        {
                            "id": "1029252257096107",
                            "link": "https://www.facebook.com/app_scoped_user_id/1029252257096107/",
                            "name": "??????????? ?????",
                            "pic": "https://fbcdn-profile-a.akamaihd.net/hprofile-ak-xaf1/v/t1.0-1/p100x100/11403106_973703289317671_5330435528068792208_n.jpg?oh=47da70eea760fe6200ba062385265f63&oe=56B050E8&__gda__=1454532948_187b162b712b0e886ad517be5e546c1e"
                        },
                        {
                            "id": "10203648885542521",
                            "link": "https://www.facebook.com/app_scoped_user_id/10203648885542521/",
                            "name": "??????? ????????????",
                            "pic": "https://scontent.xx.fbcdn.net/hprofile-xaf1/v/t1.0-1/p100x100/8971_10201888171885780_6169005368692612477_n.jpg?oh=d1c3f5e1e2db255f08f9e5acf9b6f07a&oe=56F8A680"
                        }
                    ],
                    "paging": {
                        "cursors": {
                            "after": "MTAyMDM2NDg4ODU1NDI1MjE=",
                            "before": "MTkyMTk4MjYxMTE1MTkx"
                        },
                        "next": "https://graph.facebook.com/v2.5/117256394994264_903797629673466/likes?fields=id,name,username,link,pic&access_token=1648603168713893|SH8XaQX2csNKg69heA75-jgz6DY&limit=25&after=MTAyMDM2NDg4ODU1NDI1MjE%3D"
                    }
                },
                "shares": {"count": 26},
                "updated_time": "2015-11-03T07:55:09+0000"
            },
            {
                "caption": "youtube.com",
                "created_time": "2015-11-02T23:12:12+0000",
                "from": {
                    "id": "219492376160",
                    "name": "Soundlounge"
                },
                "id": "219492376160_10153212648481161",
                "likes": {
                    "data": [
                        {
                            "id": "10153227210799607",
                            "link": "https://www.facebook.com/app_scoped_user_id/10153227210799607/",
                            "name": "Capucine Merlant",
                            "pic": "https://fbcdn-profile-a.akamaihd.net/hprofile-ak-xpt1/v/t1.0-1/p100x100/12074550_10153198488564607_4196739245656149244_n.jpg?oh=7e4c2a8961fc89f83275e9fcb39fcf65&oe=56C51FEA&__gda__=1454567014_0f155ba1ff2fb5a75dab3a78a4731077"
                        },
                        {
                            "id": "10204796599305327",
                            "link": "https://www.facebook.com/app_scoped_user_id/10204796599305327/",
                            "name": "Joe MacPhail",
                            "pic": "https://scontent.xx.fbcdn.net/hprofile-prn2/v/t1.0-1/s100x100/10628032_10202395222432406_1552799576349476818_n.jpg?oh=0adf6272cc040a29f2c2ec8b49a4bf6b&oe=56B08E63"
                        },
                        {
                            "id": "1038227979542472",
                            "link": "https://www.facebook.com/app_scoped_user_id/1038227979542472/",
                            "name": "Clint Reti",
                            "pic": "https://scontent.xx.fbcdn.net/hprofile-xpf1/v/t1.0-1/p100x100/1891228_1036566433041960_1426639694701816415_n.jpg?oh=92d20ac2b1c37ddeae3f8548d54e6b45&oe=56CD8E52"
                        },
                        {
                            "id": "10154335592657729",
                            "link": "https://www.facebook.com/app_scoped_user_id/10154335592657729/",
                            "name": "Kristie Dullat",
                            "pic": "https://scontent.xx.fbcdn.net/hprofile-xap1/v/t1.0-1/p100x100/10156013_10154333880792729_4055521797466134611_n.jpg?oh=f9d6cd7f522d0d2113d9b5cc406a165a&oe=56BCB13A"
                        },
                        {
                            "id": "10207787470662643",
                            "link": "https://www.facebook.com/app_scoped_user_id/10207787470662643/",
                            "name": "Amber Mae",
                            "pic": "https://scontent.xx.fbcdn.net/hprofile-xpl1/v/t1.0-1/p100x100/10525801_10207551917013949_4446378144990429043_n.jpg?oh=0b2be2ec3f464d47cbbcab2bdc59984e&oe=56C5DC7A"
                        },
                        {
                            "id": "10205565453872079",
                            "link": "https://www.facebook.com/app_scoped_user_id/10205565453872079/",
                            "name": "Kim McEwen",
                            "pic": "https://scontent.xx.fbcdn.net/hprofile-xap1/v/t1.0-1/p100x100/12196270_10205559685167865_3958140894465837757_n.jpg?oh=c383ee4579943d3f79e1294ca3f2bbcd&oe=56C047A7"
                        },
                        {
                            "id": "10207811885278796",
                            "link": "https://www.facebook.com/app_scoped_user_id/10207811885278796/",
                            "name": "Sarah Tulloh",
                            "pic": "https://scontent.xx.fbcdn.net/hprofile-xaf1/v/t1.0-1/s100x100/10534725_10204074062035551_6811346540239986588_n.jpg?oh=56a25e96d7d6e6972ea697ed1580e90f&oe=56CBD42E"
                        },
                        {
                            "id": "10206917480350005",
                            "link": "https://www.facebook.com/app_scoped_user_id/10206917480350005/",
                            "name": "John Triplett",
                            "pic": "https://scontent.xx.fbcdn.net/hprofile-prn2/v/t1.0-1/p100x100/223151_2151146812718_1473193_n.jpg?oh=fe9a9a0ad44a821cb0580b4146004c70&oe=56B97AEB"
                        }
                    ],
                    "paging": {"cursors": {
                        "after": "MTAyMDY5MTc0ODAzNTAwMDU=",
                        "before": "MTAxNTMyMjcyMTA3OTk2MDc="
                    }}
                },
                "updated_time": "2015-11-02T23:12:12+0000"
            }
        ],
        "paging": {
            "next": "https://graph.facebook.com/v2.5/131572223581891/feed?since=2015-10-28&limit=10&fields=likes%7Bid,name,username,link,pic%7D,comments%7Bfrom,created_time,parent,likes%7Bid,name%7D,is_private,comment_count,like_count,is_hidden%7D,created_time,updated_time,id,caption,from,shares&access_token=1648603168713893|SH8XaQX2csNKg69heA75-jgz6DY&until=1446505932&__paging_token=enc_AdDQvyCkRV9GMdfZAewH299LSnhtXXx18VzOgqSLYoMh9SZCS2LZAl4cj5F4S7nt2UrLizP3PPtlBuvM7OOtPDbHw57AvT5ZBq936wlUusgwv2fafQZDZD",
            "previous": "https://graph.facebook.com/v2.5/131572223581891/feed?since=1446590713&limit=10&fields=likes%7Bid,name,username,link,pic%7D,comments%7Bfrom,created_time,parent,likes%7Bid,name%7D,is_private,comment_count,like_count,is_hidden%7D,created_time,updated_time,id,caption,from,shares&access_token=1648603168713893|SH8XaQX2csNKg69heA75-jgz6DY&__paging_token=enc_AdA3BTd54BsJcjKrc6Js5xxM5hPKptZAW6gI0VVA15cigZAbDkWAyZCGuvIbkkcpjZCUUzrYn5iJZBZBkXeaTYUgCFXhFaqu4MZC0cyBZCEf2zeN53D9dAZDZD&__previous=1"
        }
    },
    "id": "131572223581891"
}
