>>> ladygaga <<<
{
    "bio": "'Hotel' Cortez in Los Angeles",
    "counts": {
        "followed_by": 12035990,
        "follows": 22,
        "media": 1668
    },
    "full_name": "The Countess",
    "id": "184692323",
    "profile_picture": "https://igcdn-photos-d-a.akamaihd.net/hphotos-ak-xpt1/t51.2885-19/11378304_121501758194899_1098447624_a.jpg",
    "username": "ladygaga",
    "website": "http://smarturl.it/CheekToCheek"
}

{
    "bio": "Fan account for the american singer, songwriter, actress, and pop queen: Lady Gaga. ?\n? Twitter: @HausOfMusic\n? Video account: @ladygagav",
    "counts": {
        "followed_by": 26520,
        "follows": 849,
        "media": 257
    },
    "full_name": "Lady Gaga",
    "id": "469347730",
    "profile_picture": "https://scontent.cdninstagram.com/hphotos-xpt1/t51.2885-19/12107534_915173295232265_2057541551_a.jpg",
    "username": "ladygagaorg",
    "website": "http://smarturl.it/TIHTY"
}

{
    "bio": "?WELCOME TO MY WORLD?\n-----------------------------\n?Your best source for everything\nrelated to Gaga aka?\nVote Now Monsters ???",
    "counts": {
        "followed_by": 51422,
        "follows": 89,
        "media": 1862
    },
    "full_name": "LadyGaga",
    "id": "480782348",
    "profile_picture": "https://scontent.cdninstagram.com/hphotos-xpt1/t51.2885-19/s150x150/11821703_405741389623107_1940179908_a.jpg",
    "username": "ladygagagram",
    "website": "http://tv.mtvema.com/_/lady-gaga-tony-bennett"
}

{
    "bio": "The Countess Owner of 'Hotel' Cortez in Los Angeles. ??",
    "counts": {
        "followed_by": 51985,
        "follows": 7478,
        "media": 998
    },
    "full_name": "LADY GAGA",
    "id": "413657414",
    "profile_picture": "https://scontent.cdninstagram.com/hphotos-xpt1/t51.2885-19/s150x150/1740486_172784076394910_1150636365_a.jpg",
    "username": "ladygaga.s",
    "website": ""
}

{
    "bio": "?Daily UHQ Gaga photos.\n?Twitter: HausOfFrancis\n?Fanpage",
    "counts": {
        "followed_by": 24377,
        "follows": 882,
        "media": 1000
    },
    "full_name": "Lady Gaga",
    "id": "418633660",
    "profile_picture": "https://scontent.cdninstagram.com/hphotos-xap1/t51.2885-19/1172052_1544198302533441_1704488027_a.jpg",
    "username": "ladygagatv",
    "website": "http://smarturl.it/CheekToCheek"
}

ERROR: Could not get user ladygaga.pic: MetaData [code=400, errorType=APINotAllowedError, errorMessage=you cannot view this resource].

{
    "bio": "?Daily UHQ Gaga photos.",
    "counts": {
        "followed_by": 8536,
        "follows": 734,
        "media": 0
    },
    "full_name": "Lady Gaga",
    "id": "1245097921",
    "profile_picture": "https://scontent.cdninstagram.com/hphotos-xfa1/t51.2885-19/s150x150/11856841_1090709590946816_2058188359_a.jpg",
    "username": "ladygagahd",
    "website": "http://instagram.com/lanadelreynet"
}

{
    "bio": "Lady Gaga Fan Page | HD pictures | Will keep you updated, please follow us!",
    "counts": {
        "followed_by": 56252,
        "follows": 295,
        "media": 1118
    },
    "full_name": "LADY GAGA ladygaga",
    "id": "25606013",
    "profile_picture": "https://scontent.cdninstagram.com/hphotos-xfp1/t51.2885-19/10809781_368689556641442_842502644_a.jpg",
    "username": "ladygaga_gallery",
    "website": "http://smarturl.it/CheekToCheek"
}

-------------------------------------------
