>>> Britney_Spears <<<
Title: Britney_Spears
Project: en
Month: latest30
Rank: 902

Views:
2015-11-02: 3938
2015-11-01: 3595
2015-10-31: 4038
2015-10-30: 4054
2015-10-29: 4307
2015-10-28: 4344
2015-10-27: 4318
2015-10-26: 4244
2015-10-25: 4025
2015-10-24: 3544
2015-10-23: 5081
2015-10-22: 3666
2015-10-21: 3827
2015-10-20: 4354
2015-10-19: 4474
2015-10-18: 3781
2015-10-17: 3443
2015-10-16: 4267
2015-10-15: 3654
2015-10-14: 3577
2015-10-13: 3765
2015-10-11: 3462
2015-10-10: 3602
2015-10-09: 3599
2015-10-08: 3575
2015-10-07: 3509
2015-10-06: 3757
2015-10-05: 3920
2015-10-04: 3457

